
Scratch directory: /tmp/

*** tstart() called on CHE-FEVANGE-01I (2)
*** at Mon Dec  7 11:35:38 2020

   => Loading Basis Set <=

    Name: STO-3G
    Role: ORBITAL
    Keyword: BASIS
    atoms 1-2 entry N          line    71 file /Users/fevange/Source/psi4/objdir-Debug/stage/share/psi4/basis/sto-3g.gbs 


         ---------------------------------------------------------
                                   SCF
               by Justin Turney, Rob Parrish, Andy Simmonett
                          and Daniel G. A. Smith
                             ROHF Reference
                        1 Threads,    500 MiB Core
         ---------------------------------------------------------

  ==> Geometry <==

    Molecular point group: d2h
    Full point group: D_inf_h

    Geometry (in Angstrom), charge = 1, multiplicity = 2:

       Center              X                  Y                   Z               Mass       
    ------------   -----------------  -----------------  -----------------  -----------------
         N            0.000000000000     0.000000000000    -0.500000000000    14.003074004430
         N            0.000000000000     0.000000000000     0.500000000000    14.003074004430

  Running in d2h symmetry.

  Rotational constants: A = ************  B =      2.40770  C =      2.40770 [cm^-1]
  Rotational constants: A = ************  B =  72181.15232  C =  72181.15232 [MHz]
  Nuclear repulsion =   25.929683322829987

  Charge       = 1
  Multiplicity = 2
  Electrons    = 13
  Nalpha       = 7
  Nbeta        = 6

  ==> Algorithm <==

  SCF Algorithm Type is DF.
  DIIS enabled.
  MOM disabled.
  Fractional occupation disabled.
  Guess Type is SAD.
  Energy threshold   = 1.00e-06
  Density threshold  = 1.00e-06
  Integral threshold = 0.00e+00

  ==> Primary Basis <==

  Basis Set: STO-3G
    Blend: STO-3G
    Number of shells: 6
    Number of basis function: 10
    Number of Cartesian functions: 10
    Spherical Harmonics?: true
    Max angular momentum: 1

   => Loading Basis Set <=

    Name: (STO-3G AUX)
    Role: JKFIT
    Keyword: DF_BASIS_SCF
    atoms 1-2 entry N          line   258 file /Users/fevange/Source/psi4/objdir-Debug/stage/share/psi4/basis/def2-universal-jkfit.gbs 

  ==> Integral Setup <==

  DFHelper Memory: AOs need 0.000 GiB; user supplied 0.366 GiB. Using in-core AOs.

  ==> MemDFJK: Density-Fitted J/K Matrices <==

    J tasked:                   Yes
    K tasked:                   Yes
    wK tasked:                   No
    OpenMP threads:               1
    Memory [MiB]:               375
    Algorithm:                 Core
    Schwarz Cutoff:           1E-12
    Mask sparsity (%):       0.0000
    Fitting Condition:        1E-10

   => Auxiliary Basis Set <=

  Basis Set: (STO-3G AUX)
    Blend: DEF2-UNIVERSAL-JKFIT
    Number of shells: 50
    Number of basis function: 154
    Number of Cartesian functions: 186
    Spherical Harmonics?: true
    Max angular momentum: 4

  Minimum eigenvalue in the overlap matrix is 1.8902321566E-01.
  Reciprocal condition number of the overlap matrix is 1.0042515042E-01.
    Using symmetric orthogonalization.

  ==> Pre-Iterations <==

  SCF Guess: Superposition of Atomic Densities via on-the-fly atomic UHF (no occupation information).

   -------------------------
    Irrep   Nso     Nmo    
   -------------------------
     Ag         3       3 
     B1g        0       0 
     B2g        1       1 
     B3g        1       1 
     Au         0       0 
     B1u        3       3 
     B2u        1       1 
     B3u        1       1 
   -------------------------
    Total      10      10
   -------------------------

  ==> Iterations <==

                           Total Energy        Delta E     RMS |[F,P]|

   @DF-ROHF iter SAD:  -106.82151866710976   -1.06822e+02   0.00000e+00 
   @DF-ROHF iter   1:  -106.85052666880625   -2.90080e-02   1.37813e-02 DIIS
   @DF-ROHF iter   2:  -106.85559286896353   -5.06620e-03   3.18778e-03 DIIS
   @DF-ROHF iter   3:  -106.85588232594029   -2.89457e-04   2.19465e-04 DIIS
   @DF-ROHF iter   4:  -106.85588350016690   -1.17423e-06   1.87877e-05 DIIS
   @DF-ROHF iter   5:  -106.85588350715798   -6.99109e-09   9.40495e-08 DIIS
  Energy and wave function converged.


  ==> Post-Iterations <==

    Orbital Energies [Eh]
    ---------------------

    Doubly Occupied:                                                      

       1Ag   -16.247811     1B1u  -16.243545     2Ag    -2.067664  
       2B1u   -1.163402     1B2u   -1.155884     1B3u   -1.155884  

    Singly Occupied:                                                      

       3Ag    -0.860137  

    Virtual:                                                              

       1B3g   -0.202041     1B2g   -0.202041     3B1u    0.824143  

    Final Occupation by Irrep:
             Ag   B1g   B2g   B3g    Au   B1u   B2u   B3u 
    DOCC [     2,    0,    0,    0,    0,    2,    1,    1 ]
    SOCC [     1,    0,    0,    0,    0,    0,    0,    0 ]

  @DF-ROHF Final Energy:  -106.85588350715798

   => Energetics <=

    Nuclear Repulsion Energy =             25.9296833228299874
    One-Electron Energy =                -188.3452350714105989
    Two-Electron Energy =                  55.5596682414226279
    Total Energy =                       -106.8558835071579836

Computation Completed


Properties will be evaluated at   0.000000,   0.000000,   0.000000 [a0]

Properties computed using the SCF density matrix

  Nuclear Dipole Moment: [e a0]
     X:     0.0000      Y:     0.0000      Z:     0.0000

  Electronic Dipole Moment: [e a0]
     X:     0.0000      Y:     0.0000      Z:     0.0000

  Dipole Moment: [e a0]
     X:     0.0000      Y:     0.0000      Z:     0.0000     Total:     0.0000

  Dipole Moment: [D]
     X:     0.0000      Y:     0.0000      Z:     0.0000     Total:     0.0000


*** tstop() called on CHE-FEVANGE-01I (2) at Mon Dec  7 11:35:38 2020
Module time:
	user time   =       0.60 seconds =       0.01 minutes
	system time =       0.04 seconds =       0.00 minutes
	total time  =          0 seconds =       0.00 minutes
Total time:
	user time   =       0.60 seconds =       0.01 minutes
	system time =       0.04 seconds =       0.00 minutes
	total time  =          0 seconds =       0.00 minutes

Scratch directory: /tmp/

*** tstart() called on CHE-FEVANGE-01I (2)
*** at Mon Dec  7 11:39:47 2020

   => Loading Basis Set <=

    Name: CC-PVDZ
    Role: ORBITAL
    Keyword: BASIS
    atoms 1-2 entry N          line   168 file /Users/fevange/Source/psi4/objdir-Debug/stage/share/psi4/basis/cc-pvdz.gbs 


         ---------------------------------------------------------
                                   SCF
               by Justin Turney, Rob Parrish, Andy Simmonett
                          and Daniel G. A. Smith
                             ROHF Reference
                        1 Threads,    500 MiB Core
         ---------------------------------------------------------

  ==> Geometry <==

    Molecular point group: d2h
    Full point group: D_inf_h

    Geometry (in Angstrom), charge = 1, multiplicity = 2:

       Center              X                  Y                   Z               Mass       
    ------------   -----------------  -----------------  -----------------  -----------------
         N            0.000000000000     0.000000000000    -0.500000000000    14.003074004430
         N            0.000000000000     0.000000000000     0.500000000000    14.003074004430

  Running in d2h symmetry.

  Rotational constants: A = ************  B =      2.40770  C =      2.40770 [cm^-1]
  Rotational constants: A = ************  B =  72181.15232  C =  72181.15232 [MHz]
  Nuclear repulsion =   25.929683322829987

  Charge       = 1
  Multiplicity = 2
  Electrons    = 13
  Nalpha       = 7
  Nbeta        = 6

  ==> Algorithm <==

  SCF Algorithm Type is DF.
  DIIS enabled.
  MOM disabled.
  Fractional occupation disabled.
  Guess Type is SAD.
  Energy threshold   = 1.00e-08
  Density threshold  = 1.00e-06
  Integral threshold = 0.00e+00

  ==> Primary Basis <==

  Basis Set: CC-PVDZ
    Blend: CC-PVDZ
    Number of shells: 12
    Number of basis function: 28
    Number of Cartesian functions: 30
    Spherical Harmonics?: true
    Max angular momentum: 2

   => Loading Basis Set <=

    Name: (CC-PVDZ AUX)
    Role: JKFIT
    Keyword: DF_BASIS_SCF
    atoms 1-2 entry N          line   171 file /Users/fevange/Source/psi4/objdir-Debug/stage/share/psi4/basis/cc-pvdz-jkfit.gbs 

  ==> Integral Setup <==

  DFHelper Memory: AOs need 0.001 GiB; user supplied 0.366 GiB. Using in-core AOs.

  ==> MemDFJK: Density-Fitted J/K Matrices <==

    J tasked:                   Yes
    K tasked:                   Yes
    wK tasked:                   No
    OpenMP threads:               1
    Memory [MiB]:               375
    Algorithm:                 Core
    Schwarz Cutoff:           1E-12
    Mask sparsity (%):       0.0000
    Fitting Condition:        1E-10

   => Auxiliary Basis Set <=

  Basis Set: (CC-PVDZ AUX)
    Blend: CC-PVDZ-JKFIT
    Number of shells: 48
    Number of basis function: 140
    Number of Cartesian functions: 162
    Spherical Harmonics?: true
    Max angular momentum: 3

  Minimum eigenvalue in the overlap matrix is 8.5752098786E-03.
  Reciprocal condition number of the overlap matrix is 2.9332613017E-03.
    Using symmetric orthogonalization.

  ==> Pre-Iterations <==

  SCF Guess: Superposition of Atomic Densities via on-the-fly atomic UHF (no occupation information).

   -------------------------
    Irrep   Nso     Nmo    
   -------------------------
     Ag         7       7 
     B1g        1       1 
     B2g        3       3 
     B3g        3       3 
     Au         1       1 
     B1u        7       7 
     B2u        3       3 
     B3u        3       3 
   -------------------------
    Total      28      28
   -------------------------

  ==> Iterations <==

                           Total Energy        Delta E     RMS |[F,P]|

   @DF-ROHF iter SAD:  -108.35638597459106   -1.08356e+02   0.00000e+00 
   @DF-ROHF iter   1:  -108.30409491354638    5.22911e-02   1.70245e-02 DIIS
   @DF-ROHF iter   2:  -108.33724321081311   -3.31483e-02   3.62999e-03 DIIS
   @DF-ROHF iter   3:  -108.33864573038684   -1.40252e-03   6.75831e-04 DIIS
   @DF-ROHF iter   4:  -108.33871490826448   -6.91779e-05   1.33143e-04 DIIS
   @DF-ROHF iter   5:  -108.33871789285016   -2.98459e-06   1.16931e-05 DIIS
   @DF-ROHF iter   6:  -108.33871791010523   -1.72551e-08   5.72233e-07 DIIS
   @DF-ROHF iter   7:  -108.33871791015082   -4.55884e-11   7.23577e-08 DIIS
  Energy and wave function converged.


  ==> Post-Iterations <==

    Orbital Energies [Eh]
    ---------------------

    Doubly Occupied:                                                      

       1Ag   -16.174093     1B1u  -16.168189     2Ag    -1.993387  
       2B1u   -1.127081     1B3u   -1.094276     1B2u   -1.094276  

    Singly Occupied:                                                      

       3Ag    -0.841234  

    Virtual:                                                              

       1B2g   -0.178865     1B3g   -0.178865     3B1u    0.282906  
       4Ag     0.438715     2B3u    0.469215     2B2u    0.469215  
       5Ag     0.615555     2B2g    0.687538     2B3g    0.687538  
       4B1u    0.876055     1B1g    1.307950     6Ag     1.307950  
       5B1u    1.370938     3B3u    1.555942     3B2u    1.555942  
       1Au     1.946318     6B1u    1.946318     7Ag     2.521174  
       3B2g    2.667157     3B3g    2.667157     7B1u    3.132507  

    Final Occupation by Irrep:
             Ag   B1g   B2g   B3g    Au   B1u   B2u   B3u 
    DOCC [     2,    0,    0,    0,    0,    2,    1,    1 ]
    SOCC [     1,    0,    0,    0,    0,    0,    0,    0 ]

  @DF-ROHF Final Energy:  -108.33871791015082

   => Energetics <=

    Nuclear Repulsion Energy =             25.9296833228299874
    One-Electron Energy =                -192.0899753220373611
    Two-Electron Energy =                  57.8215740890565684
    Total Energy =                       -108.3387179101508053

Computation Completed


Properties will be evaluated at   0.000000,   0.000000,   0.000000 [a0]

Properties computed using the SCF density matrix

  Nuclear Dipole Moment: [e a0]
     X:     0.0000      Y:     0.0000      Z:     0.0000

  Electronic Dipole Moment: [e a0]
     X:     0.0000      Y:     0.0000      Z:     0.0000

  Dipole Moment: [e a0]
     X:     0.0000      Y:     0.0000      Z:     0.0000     Total:     0.0000

  Dipole Moment: [D]
     X:     0.0000      Y:     0.0000      Z:     0.0000     Total:     0.0000


*** tstop() called on CHE-FEVANGE-01I (2) at Mon Dec  7 11:39:48 2020
Module time:
	user time   =       0.64 seconds =       0.01 minutes
	system time =       0.04 seconds =       0.00 minutes
	total time  =          1 seconds =       0.02 minutes
Total time:
	user time   =       1.35 seconds =       0.02 minutes
	system time =       0.10 seconds =       0.00 minutes
	total time  =        250 seconds =       4.17 minutes
  Constructing Basis Sets for MCSCF...

   => Loading Basis Set <=

    Name: (CC-PVDZ AUX)
    Role: JKFIT
    Keyword: DF_BASIS_SCF
    atoms 1-2 entry N          line   171 file /Users/fevange/Source/psi4/objdir-Debug/stage/share/psi4/basis/cc-pvdz-jkfit.gbs 


         ---------------------------------------------------------
                Multi-Configurational Self-Consistent Field
                            (a 'D E T C I' module)

                 Daniel G. A. Smith, C. David Sherrill, and
                              Matt L. Leininger
         ---------------------------------------------------------

Warning: iopen=0,opentype!=closed. Making iopen=1

   ==> Parameters <==

    EX LEVEL       =        9      H0 BLOCKSIZE  =     1000
    VAL EX LEVEL   =        0      H0 GUESS SIZE =     1000
    H0COUPLINGSIZE =        0      H0 COUPLING   =       NO
    MAXITER        =       12      NUM PRINT     =       20
    NUM ROOTS      =        1      ICORE         =        1
    PRINT LVL      =        1      FCI           =      YES
    R CONV         = 1.00e-07      MIXED         =      YES
    E CONV         = 1.00e-08      MIXED4        =      YES
    R4S            =       NO      REPL OTF      =       NO
    DIAG METHOD    =      SEM      FOLLOW ROOT   =        0
    PRECONDITIONER = DAVIDSON      UPDATE        = DAVIDSON
    S              =   0.5000      Ms0           =       NO
    GUESS VECTOR   =  H0BLOCK      OPENTYPE      = HIGHSPIN
    COLLAPSE SIZE  =        1      HD AVG        = EVANGELISTI
    MAX NUM VECS   =       13      REF SYM       =     AUTO
    IOPEN        =      YES

    EX ALLOW       =  1  1  1  1  1  1  1  1  1 
    STATE AVERAGE  =  0(1.00) 

   ==> CI Orbital and Space information <==

   ------------------------------------------------------------------------------
               Space    Total    Ag   B1g   B2g   B3g    Au   B1u   B2u   B3u
   ------------------------------------------------------------------------------
                 Nso       28     7     1     3     3     1     7     3     3
                 Nmo       28     7     1     3     3     1     7     3     3
               Ndocc        6     2     0     0     0     0     2     1     1
               Nsocc        1     1     0     0     0     0     0     0     0
   ------------------------------------------------------------------------------
                                    MCSCF Spaces
   ------------------------------------------------------------------------------
         Frozen DOCC        0     0     0     0     0     0     0     0     0
     Restricted DOCC        2     1     0     0     0     0     1     0     0
              Active        8     2     0     1     1     0     2     1     1
     Restricted UOCC       18     4     1     2     2     1     4     2     2
         Frozen UOCC        0     0     0     0     0     0     0     0     0
   ------------------------------------------------------------------------------

   ==> Setting up CI strings <==

    There are 56 alpha and 70 beta strings
    The CI space requires 500 (5.00E+02) determinants and 8 blocks

   ==> Setting up DF-MCSCF integrals <==

  DFHelper Memory: AOs need 0.001 GiB; user supplied 0.391 GiB. Using in-core AOs.

  ==> MemDFJK: Density-Fitted J/K Matrices <==

    J tasked:                   Yes
    K tasked:                   Yes
    wK tasked:                   No
    OpenMP threads:               1
    Memory [MiB]:               400
    Algorithm:                 Core
    Schwarz Cutoff:           1E-12
    Mask sparsity (%):       0.0000
    Fitting Condition:        1E-10

   => Auxiliary Basis Set <=

  Basis Set: (CC-PVDZ AUX)
    Blend: CC-PVDZ-JKFIT
    Number of shells: 48
    Number of basis function: 140
    Number of Cartesian functions: 162
    Spherical Harmonics?: true
    Max angular momentum: 3

  DFHelper Memory: AOs need 0.001 GiB; user supplied 0.391 GiB. Using in-core AOs.


   ==> Starting DF-MCSCF iterations <==

           Iter         Total Energy       Delta E   Orb RMS    CI RMS  NCI NORB
   @DF-MCSCF  1:   -108.460678121460   -1.2196e-01  2.73e-02  3.81e-13    1    1  Initial CI
      Warning! Maxstep = 0.84, scaling to 0.50
   @DF-MCSCF  2:   -108.501551169938   -4.0873e-02  1.84e-02  8.71e-06    9    1  TS
   @DF-MCSCF  3:   -108.521376615514   -1.9825e-02  6.46e-03  1.33e-05    8    1  TS
   @DF-MCSCF  4:   -108.522911917729   -1.5353e-03  2.00e-03  5.58e-06    8    1  TS
   @DF-MCSCF  5:   -108.523057548374   -1.4563e-04  6.73e-04  1.65e-06    8    1  TS
   @DF-MCSCF  6:   -108.523072985426   -1.5437e-05  2.25e-04  4.90e-07    8    1  TS
   @DF-MCSCF  7:   -108.523074742373   -1.7569e-06  8.19e-05  1.48e-07    8    1  TS, DIIS
   @DF-MCSCF  8:   -108.523074954216   -2.1184e-07  2.98e-05  4.35e-08    8    1  TS, DIIS
   @DF-MCSCF  9:   -108.523074982142   -2.7926e-08  8.72e-06  2.19e-08    8    1  TS, DIIS
   @DF-MCSCF 10:   -108.523074984897   -2.7549e-09  2.42e-06  5.90e-09    8    1  TS, DIIS
   @DF-MCSCF 11:   -108.523074985003   -1.0638e-10  1.70e-06  1.15e-09    9    1  TS, DIIS
   @DF-MCSCF 12:   -108.523074985101   -9.8112e-11  3.28e-07  1.60e-09    8    1  TS, DIIS
   @DF-MCSCF 13:   -108.523074985105   -3.6664e-12  3.35e-08  2.32e-10    8    1  TS, DIIS

          @DF-MCSCF has converged!

   @DF-MCSCF Final Energy: -108.523074985104728

   Computing CI Semicanonical Orbitals

   ==> Energetics <==

    SCF energy =         -108.338717910150805
    Total MCSCF energy = -108.523074985104728

   ==> MCSCF root 0 information <==

    MCSCF Root 0 energy =  -108.523074985104728

   Active Space Natural occupation numbers:

        Ag   1.991706       B1u   1.937393       B2u   1.934521
       B3u   1.934521        Ag   1.043268       B2g   0.072710
       B3g   0.072710       B1u   0.013171

   The 20 most important determinants:

    *   1    0.949369  (   12,   12)  2AgX 3AgA 2B1uX 1B2uX 1B3uX 
    *   2   -0.117530  (   30,   42)  2AgX 3AgX 1B2gA 2B1uA 1B2uX 1B3uB 
    *   3    0.117530  (   32,   42)  2AgX 3AgX 1B3gA 2B1uA 1B2uB 1B3uX 
    *   4   -0.102589  (   30,   34)  2AgX 3AgA 1B2gX 2B1uX 1B2uX 
    *   5   -0.102589  (   32,   38)  2AgX 3AgA 1B3gX 2B1uX 1B3uX 
    *   6    0.064942  (   32,   34)  2AgX 3AgA 1B2gB 1B3gA 2B1uX 1B2uB 1B3uA 
    *   7    0.064942  (   30,   38)  2AgX 3AgA 1B2gA 1B3gB 2B1uX 1B2uA 1B3uB 
    *   8   -0.063544  (   47,   56)  2AgX 3AgX 1B2gA 2B1uB 1B2uX 1B3uA 
    *   9    0.063544  (   54,   66)  2AgX 3AgX 1B3gA 2B1uB 1B2uA 1B3uX 
    *  10   -0.058053  (   47,   60)  2AgX 3AgA 1B2gX 1B2uX 1B3uX 
    *  11   -0.058053  (   54,   68)  2AgX 3AgA 1B3gX 1B2uX 1B3uX 
    *  12    0.053986  (   12,    8)  2AgX 3AgX 1B2gB 2B1uA 1B2uX 1B3uA 
    *  13   -0.053986  (   12,   10)  2AgX 3AgX 1B3gB 2B1uA 1B2uA 1B3uX 
    *  14    0.045853  (   12,    4)  2AgX 3AgA 1B2gB 1B3gB 2B1uX 1B2uA 1B3uA 
    *  15    0.038973  (   34,   42)  2AgX 3AgB 2B1uA 3B1uA 1B2uX 1B3uX 
    *  16    0.030506  (    6,   12)  2AgX 3AgA 1B2gA 1B3gA 2B1uX 1B2uB 1B3uB 
    *  17   -0.028809  (   35,   34)  2AgB 3AgA 1B2gB 2B1uX 3B1uA 1B2uX 1B3uA 
    *  18    0.028809  (   35,   38)  2AgB 3AgA 1B3gB 2B1uX 3B1uA 1B2uA 1B3uX 
    *  19    0.028198  (    6,    8)  2AgX 3AgX 1B2gX 1B3gA 2B1uA 1B2uB 
    *  20   -0.028198  (    6,   10)  2AgX 3AgX 1B2gA 1B3gX 2B1uA 1B3uB 



Properties will be evaluated at   0.000000,   0.000000,   0.000000 [a0]

Properties computed using the CASSCF density matrix

  Nuclear Dipole Moment: [e a0]
     X:     0.0000      Y:     0.0000      Z:     0.0000

  Electronic Dipole Moment: [e a0]
     X:     0.0000      Y:     0.0000      Z:     0.0000

  Dipole Moment: [e a0]
     X:     0.0000      Y:     0.0000      Z:     0.0000     Total:     0.0000

  Dipole Moment: [D]
     X:     0.0000      Y:     0.0000      Z:     0.0000     Total:     0.0000

